Tue Jun 13 2023 10:40:22 } [PH] error: globalErrorHandler ~ [
  {
    "code": "invalid_type",
    "expected": "string",
    "received": "undefined",
    "path": [
      "body",
      "role"
    ],
    "message": "role is required"
  }
]
Tue Jun 13 2023 10:42:0 } [PH] error: globalErrorHandler ~ [
  {
    "code": "invalid_type",
    "expected": "string",
    "received": "undefined",
    "path": [
      "body",
      "role"
    ],
    "message": "role is required"
  }
]
Tue Jun 13 2023 10:42:2 } [PH] error: globalErrorHandler ~ [
  {
    "code": "invalid_type",
    "expected": "string",
    "received": "undefined",
    "path": [
      "body",
      "role"
    ],
    "message": "role is required"
  }
]
Tue Jun 13 2023 10:42:55 } [PH] error: globalErrorHandler ~ [
  {
    "code": "invalid_type",
    "expected": "string",
    "received": "undefined",
    "path": [
      "body",
      "role"
    ],
    "message": "role is required"
  }
]
Tue Jun 13 2023 10:43:33 } [PH] error: globalErrorHandler ~ [
  {
    "code": "invalid_type",
    "expected": "string",
    "received": "undefined",
    "path": [
      "body",
      "role"
    ],
    "message": "role is required"
  }
]
Tue Jun 13 2023 10:43:47 } [PH] error: globalErrorHandler ~ [
  {
    "code": "invalid_type",
    "expected": "string",
    "received": "undefined",
    "path": [
      "body",
      "role"
    ],
    "message": "role is required"
  }
]
Tue Jun 13 2023 10:45:0 } [PH] error: globalErrorHandler ~ [
  {
    "code": "invalid_type",
    "expected": "string",
    "received": "undefined",
    "path": [
      "body",
      "role"
    ],
    "message": "role is required"
  }
]
Tue Jun 13 2023 10:45:50 } [PH] error: globalErrorHandler ~ [
  {
    "code": "invalid_type",
    "expected": "string",
    "received": "undefined",
    "path": [
      "body",
      "role"
    ],
    "message": "role is required"
  }
]
Tue Jun 13 2023 10:46:39 } [PH] error: globalErrorHandler ~ [
  {
    "code": "invalid_type",
    "expected": "string",
    "received": "undefined",
    "path": [
      "body",
      "role"
    ],
    "message": "role is required"
  }
]
Tue Jun 13 2023 10:47:45 } [PH] error: globalErrorHandler ~ [
  {
    "code": "invalid_type",
    "expected": "string",
    "received": "undefined",
    "path": [
      "body",
      "role"
    ],
    "message": "role is required"
  }
]
Tue Jun 13 2023 10:48:33 } [PH] error: globalErrorHandler ~ [
  {
    "code": "invalid_type",
    "expected": "string",
    "received": "undefined",
    "path": [
      "body",
      "role"
    ],
    "message": "role is required"
  }
]
Tue Jun 13 2023 10:49:3 } [PH] error: globalErrorHandler ~ [
  {
    "code": "invalid_type",
    "expected": "string",
    "received": "undefined",
    "path": [
      "body",
      "role"
    ],
    "message": "role is required"
  }
]
Tue Jun 13 2023 10:49:5 } [PH] error: globalErrorHandler ~ [
  {
    "code": "invalid_type",
    "expected": "string",
    "received": "undefined",
    "path": [
      "body",
      "role"
    ],
    "message": "role is required"
  }
]
Tue Jun 13 2023 10:49:15 } [PH] error: globalErrorHandler ~ [
  {
    "code": "invalid_type",
    "expected": "string",
    "received": "undefined",
    "path": [
      "body",
      "role"
    ],
    "message": "role is required"
  }
]
Tue Jun 13 2023 10:50:6 } [PH] error: globalErrorHandler ~ [
  {
    "code": "invalid_type",
    "expected": "string",
    "received": "undefined",
    "path": [
      "body",
      "role"
    ],
    "message": "role is required"
  }
]
Tue Jun 13 2023 10:50:45 } [PH] error: globalErrorHandler ~ [
  {
    "code": "invalid_type",
    "expected": "string",
    "received": "undefined",
    "path": [
      "body",
      "role"
    ],
    "message": "role is required"
  }
]
