Sun Jun 11 2023 21:38:0 } [PH] error: globalErrorHandler ~ [
  {
    "code": "invalid_type",
    "expected": "string",
    "received": "undefined",
    "path": [
      "body",
      "role"
    ],
    "message": "role is required"
  }
]
Sun Jun 11 2023 21:38:11 } [PH] error: globalErrorHandler ~ [
  {
    "code": "invalid_type",
    "expected": "string",
    "received": "undefined",
    "path": [
      "body",
      "role"
    ],
    "message": "role is required"
  }
]
Sun Jun 11 2023 21:38:16 } [PH] error: globalErrorHandler ~ [
  {
    "code": "invalid_type",
    "expected": "string",
    "received": "undefined",
    "path": [
      "body",
      "role"
    ],
    "message": "role is required"
  }
]
Sun Jun 11 2023 21:39:18 } [PH] error: Academic semester is already exist !
Sun Jun 11 2023 21:39:52 } [PH] error: Academic semester is already exist !
Sun Jun 11 2023 21:43:31 } [PH] error: globalErrorHandler ~ Academic semester is already exist !
Sun Jun 11 2023 21:43:38 } [PH] error: globalErrorHandler ~ Academic semester is already exist !
Sun Jun 11 2023 21:43:54 } [PH] error: globalErrorHandler ~ Invalid Semester Code
Sun Jun 11 2023 21:44:4 } [PH] error: globalErrorHandler ~ Invalid Semester Code
Sun Jun 11 2023 21:44:8 } [PH] error: globalErrorHandler ~ [
  {
    "received": "Autmn",
    "code": "invalid_enum_value",
    "options": [
      "Autumn",
      "Summer",
      "Fall"
    ],
    "path": [
      "body",
      "title"
    ],
    "message": "Invalid enum value. Expected 'Autumn' | 'Summer' | 'Fall', received 'Autmn'"
  }
]
Sun Jun 11 2023 21:44:28 } [PH] error: globalErrorHandler ~ Academic semester is already exist !
